Mifare Classic Tool/app/build/outputs/logs/manifest-merger-debug-report.txt
-- Merging decision tree log ---
manifest
ADDED from src\main\AndroidManifest.xml:21:1-153:12
	package
		ADDED from src\main\AndroidManifest.xml:22:5-40
		INJECTED from src\main\AndroidManifest.xml
		INJECTED from src\main\AndroidManifest.xml
	android:versionName
		INJECTED from src\main\AndroidManifest.xml
		INJECTED from src\main\AndroidManifest.xml
	xmlns:android
		ADDED from src\main\AndroidManifest.xml:21:11-69
	android:versionCode
		INJECTED from src\main\AndroidManifest.xml
		INJECTED from src\main\AndroidManifest.xml
uses-permission#android.permission.NFC
ADDED from src\main\AndroidManifest.xml:24:5-62
	android:name
		ADDED from src\main\AndroidManifest.xml:24:22-59
uses-permission#android.permission.WRITE_EXTERNAL_STORAGE
ADDED from src\main\AndroidManifest.xml:25:5-81
	android:name
		ADDED from src\main\AndroidManifest.xml:25:22-78
uses-feature#android.hardware.nfc
ADDED from src\main\AndroidManifest.xml:27:5-29:35
	android:required
		ADDED from src\main\AndroidManifest.xml:29:9-32
	android:name
		ADDED from src\main\AndroidManifest.xml:28:9-44
application
ADDED from src\main\AndroidManifest.xml:31:5-151:19
MERGED from [com.android.support:support-v4:25.3.1] AndroidManifest.xml:29:5-20
MERGED from [com.android.support:support-fragment:25.3.1] AndroidManifest.xml:29:5-20
MERGED from [com.android.support:support-media-compat:25.3.1] AndroidManifest.xml:29:5-20
MERGED from [com.android.support:support-core-ui:25.3.1] AndroidManifest.xml:29:5-20
MERGED from [com.android.support:support-core-utils:25.3.1] AndroidManifest.xml:29:5-20
MERGED from [com.android.support:support-compat:25.3.1] AndroidManifest.xml:29:5-20
	android:label
		ADDED from src\main\AndroidManifest.xml:35:9-41
	android:allowBackup
		ADDED from src\main\AndroidManifest.xml:33:9-35
	android:icon
		ADDED from src\main\AndroidManifest.xml:34:9-43
	android:name
		ADDED from src\main\AndroidManifest.xml:32:9-56
activity#de.syss.MifareClassicTool.Activities.MainMenu
ADDED from src\main\AndroidManifest.xml:36:9-55:20
	android:label
		ADDED from src\main\AndroidManifest.xml:39:13-56
	android:launchMode
		ADDED from src\main\AndroidManifest.xml:40:13-43
	android:configChanges
		ADDED from src\main\AndroidManifest.xml:38:13-59
	android:name
		ADDED from src\main\AndroidManifest.xml:37:13-73
intent-filter#android.intent.action.MAIN+android.intent.category.LAUNCHER
ADDED from src\main\AndroidManifest.xml:41:13-45:29
action#android.intent.action.MAIN
ADDED from src\main\AndroidManifest.xml:42:17-69
	android:name
		ADDED from src\main\AndroidManifest.xml:42:25-66
category#android.intent.category.LAUNCHER
ADDED from src\main\AndroidManifest.xml:44:17-77
	android:name
		ADDED from src\main\AndroidManifest.xml:44:27-74
intent-filter#android.nfc.action.TECH_DISCOVERED
ADDED from src\main\AndroidManifest.xml:48:13-50:29
action#android.nfc.action.TECH_DISCOVERED
ADDED from src\main\AndroidManifest.xml:49:17-77
	android:name
		ADDED from src\main\AndroidManifest.xml:49:25-74
meta-data#android.nfc.action.TECH_DISCOVERED
ADDED from src\main\AndroidManifest.xml:52:13-54:59
	android:resource
		ADDED from src\main\AndroidManifest.xml:54:17-56
	android:name
		ADDED from src\main\AndroidManifest.xml:53:17-66
activity#de.syss.MifareClassicTool.Activities.KeyMapCreator
ADDED from src\main\AndroidManifest.xml:56:9-61:20
	android:label
		ADDED from src\main\AndroidManifest.xml:60:13-66
	android:configChanges
		ADDED from src\main\AndroidManifest.xml:58:13-74
	android:icon
		ADDED from src\main\AndroidManifest.xml:59:13-56
	android:name
		ADDED from src\main\AndroidManifest.xml:57:13-78
activity#de.syss.MifareClassicTool.Activities.DumpEditor
ADDED from src\main\AndroidManifest.xml:62:9-67:20
	android:label
		ADDED from src\main\AndroidManifest.xml:66:13-63
	android:configChanges
		ADDED from src\main\AndroidManifest.xml:64:13-74
	android:icon
		ADDED from src\main\AndroidManifest.xml:65:13-47
	android:name
		ADDED from src\main\AndroidManifest.xml:63:13-75
activity#de.syss.MifareClassicTool.Activities.FileChooser
ADDED from src\main\AndroidManifest.xml:68:9-72:20
	android:label
		ADDED from src\main\AndroidManifest.xml:71:13-64
	android:icon
		ADDED from src\main\AndroidManifest.xml:70:13-42
	android:name
		ADDED from src\main\AndroidManifest.xml:69:13-76
activity#de.syss.MifareClassicTool.Activities.AccessConditionDecoder
ADDED from src\main\AndroidManifest.xml:73:9-78:20
	android:label
		ADDED from src\main\AndroidManifest.xml:77:13-69
	android:configChanges
		ADDED from src\main\AndroidManifest.xml:75:13-59
	android:icon
		ADDED from src\main\AndroidManifest.xml:76:13-55
	android:name
		ADDED from src\main\AndroidManifest.xml:74:13-87
activity#de.syss.MifareClassicTool.Activities.ValueBlocksToInt
ADDED from src\main\AndroidManifest.xml:79:9-84:20
	android:label
		ADDED from src\main\AndroidManifest.xml:83:13-64
	android:configChanges
		ADDED from src\main\AndroidManifest.xml:81:13-59
	android:icon
		ADDED from src\main\AndroidManifest.xml:82:13-56
	android:name
		ADDED from src\main\AndroidManifest.xml:80:13-81
activity#de.syss.MifareClassicTool.Activities.WriteTag
ADDED from src\main\AndroidManifest.xml:85:9-90:20
	android:label
		ADDED from src\main\AndroidManifest.xml:89:13-61
	android:configChanges
		ADDED from src\main\AndroidManifest.xml:87:13-74
	android:icon
		ADDED from src\main\AndroidManifest.xml:88:13-47
	android:name
		ADDED from src\main\AndroidManifest.xml:86:13-73
activity#de.syss.MifareClassicTool.Activities.ReadTag
ADDED from src\main\AndroidManifest.xml:91:9-96:20
	android:label
		ADDED from src\main\AndroidManifest.xml:95:13-60
	android:configChanges
		ADDED from src\main\AndroidManifest.xml:93:13-74
	android:icon
		ADDED from src\main\AndroidManifest.xml:94:13-46
	android:name
		ADDED from src\main\AndroidManifest.xml:92:13-72
activity#de.syss.MifareClassicTool.Activities.KeyEditor
ADDED from src\main\AndroidManifest.xml:97:9-102:20
	android:label
		ADDED from src\main\AndroidManifest.xml:101:13-62
	android:configChanges
		ADDED from src\main\AndroidManifest.xml:99:13-74
	android:icon
		ADDED from src\main\AndroidManifest.xml:100:13-47
	android:name
		ADDED from src\main\AndroidManifest.xml:98:13-74
activity#de.syss.MifareClassicTool.Activities.HelpAndInfo
ADDED from src\main\AndroidManifest.xml:103:9-108:20
	android:label
		ADDED from src\main\AndroidManifest.xml:107:13-56
	android:configChanges
		ADDED from src\main\AndroidManifest.xml:105:13-59
	android:icon
		ADDED from src\main\AndroidManifest.xml:106:13-51
	android:name
		ADDED from src\main\AndroidManifest.xml:104:13-76
activity#de.syss.MifareClassicTool.Activities.HexToAscii
ADDED from src\main\AndroidManifest.xml:109:9-114:20
	android:label
		ADDED from src\main\AndroidManifest.xml:113:13-64
	android:configChanges
		ADDED from src\main\AndroidManifest.xml:111:13-59
	android:icon
		ADDED from src\main\AndroidManifest.xml:112:13-50
	android:name
		ADDED from src\main\AndroidManifest.xml:110:13-75
activity#de.syss.MifareClassicTool.Activities.TagInfoTool
ADDED from src\main\AndroidManifest.xml:115:9-120:20
	android:label
		ADDED from src\main\AndroidManifest.xml:119:13-60
	android:configChanges
		ADDED from src\main\AndroidManifest.xml:117:13-59
	android:icon
		ADDED from src\main\AndroidManifest.xml:118:13-46
	android:name
		ADDED from src\main\AndroidManifest.xml:116:13-76
activity#de.syss.MifareClassicTool.Activities.ValueBlockTool
ADDED from src\main\AndroidManifest.xml:121:9-126:20
	android:label
		ADDED from src\main\AndroidManifest.xml:125:13-68
	android:configChanges
		ADDED from src\main\AndroidManifest.xml:123:13-59
	android:icon
		ADDED from src\main\AndroidManifest.xml:124:13-54
	android:name
		ADDED from src\main\AndroidManifest.xml:122:13-79
activity#de.syss.MifareClassicTool.Activities.AccessConditionTool
ADDED from src\main\AndroidManifest.xml:127:9-132:20
	android:label
		ADDED from src\main\AndroidManifest.xml:131:13-73
	android:configChanges
		ADDED from src\main\AndroidManifest.xml:129:13-59
	android:icon
		ADDED from src\main\AndroidManifest.xml:130:13-59
	android:name
		ADDED from src\main\AndroidManifest.xml:128:13-84
activity#de.syss.MifareClassicTool.Activities.Preferences
ADDED from src\main\AndroidManifest.xml:133:9-138:20
	android:label
		ADDED from src\main\AndroidManifest.xml:137:13-63
	android:configChanges
		ADDED from src\main\AndroidManifest.xml:135:13-59
	android:icon
		ADDED from src\main\AndroidManifest.xml:136:13-49
	android:name
		ADDED from src\main\AndroidManifest.xml:134:13-76
activity#de.syss.MifareClassicTool.Activities.DiffTool
ADDED from src\main\AndroidManifest.xml:139:9-144:20
	android:label
		ADDED from src\main\AndroidManifest.xml:143:13-61
	android:configChanges
		ADDED from src\main\AndroidManifest.xml:141:13-59
	android:icon
		ADDED from src\main\AndroidManifest.xml:142:13-47
	android:name
		ADDED from src\main\AndroidManifest.xml:140:13-73
activity#de.syss.MifareClassicTool.Activities.BccTool
ADDED from src\main\AndroidManifest.xml:145:9-150:20
	android:label
		ADDED from src\main\AndroidManifest.xml:149:13-60
	android:configChanges
		ADDED from src\main\AndroidManifest.xml:147:13-59
	android:icon
		ADDED from src\main\AndroidManifest.xml:148:13-46
	android:name
		ADDED from src\main\AndroidManifest.xml:146:13-72
uses-sdk
INJECTED from src\main\AndroidManifest.xml reason: use-sdk injection requested
MERGED from [com.android.support:support-v4:25.3.1] AndroidManifest.xml:21:5-23:54
MERGED from [com.android.support:support-fragment:25.3.1] AndroidManifest.xml:21:5-23:60
MERGED from [com.android.support:support-media-compat:25.3.1] AndroidManifest.xml:21:5-23:63
MERGED from [com.android.support:support-core-ui:25.3.1] AndroidManifest.xml:21:5-23:58
MERGED from [com.android.support:support-core-utils:25.3.1] AndroidManifest.xml:21:5-23:61
MERGED from [com.android.support:support-compat:25.3.1] AndroidManifest.xml:21:5-23:58
	tools:overrideLibrary
		ADDED from [com.android.support:support-v4:25.3.1] AndroidManifest.xml:23:9-51
	android:targetSdkVersion
		INJECTED from src\main\AndroidManifest.xml
		INJECTED from src\main\AndroidManifest.xml
	android:minSdkVersion
		INJECTED from src\main\AndroidManifest.xml
		INJECTED from src\main\AndroidManifest.xml
meta-data#android.support.VERSION
ADDED from [com.android.support:support-v4:25.3.1] AndroidManifest.xml:25:5-27:34
MERGED from [com.android.support:support-fragment:25.3.1] AndroidManifest.xml:25:5-27:34
MERGED from [com.android.support:support-media-compat:25.3.1] AndroidManifest.xml:25:5-27:34
MERGED from [com.android.support:support-core-ui:25.3.1] AndroidManifest.xml:25:5-27:34
MERGED from [com.android.support:support-core-utils:25.3.1] AndroidManifest.xml:25:5-27:34
MERGED from [com.android.support:support-compat:25.3.1] AndroidManifest.xml:25:5-27:34
	android:value
		ADDED from [com.android.support:support-v4:25.3.1] AndroidManifest.xml:27:9-31
	android:name
		ADDED from [com.android.support:support-v4:25.3.1] AndroidManifest.xml:26:9-47